Performing C++ SOURCE FILE Test COMPILER_SUPPORT_wd981 failed with the following output:
Change Dir: /home/tc/Downloads/eigen-eigen-1306d75b4a21/build_dir/CMakeFiles/CMakeTmp

Run Build Command:/usr/local/bin/make "cmTryCompileExec3347867181/fast"
/usr/local/bin/make -f CMakeFiles/cmTryCompileExec3347867181.dir/build.make CMakeFiles/cmTryCompileExec3347867181.dir/build
make[1]: Entering directory `/home/tc/Downloads/eigen-eigen-1306d75b4a21/build_dir/CMakeFiles/CMakeTmp'
/tmp/tcloop/cmake/usr/local/bin/cmake -E cmake_progress_report /home/tc/Downloads/eigen-eigen-1306d75b4a21/build_dir/CMakeFiles/CMakeTmp/CMakeFiles 1
Building CXX object CMakeFiles/cmTryCompileExec3347867181.dir/src.cxx.o
/usr/local/bin/c++    -fexceptions -pedantic -Wall -Wextra -Wundef -Wcast-align -Wchar-subscripts -Wnon-virtual-dtor -Wunused-local-typedefs -Wpointer-arith -Wwrite-strings -Wformat-security -Wno-psabi -Wno-variadic-macros -Wno-long-long -fno-check-new -fno-common -fstrict-aliasing -DCOMPILER_SUPPORT_wd981 -Werror   -wd981 -o CMakeFiles/cmTryCompileExec3347867181.dir/src.cxx.o -c /home/tc/Downloads/eigen-eigen-1306d75b4a21/build_dir/CMakeFiles/CMakeTmp/src.cxx
c++: error: unrecognized command line option '-wd981'
make[1]: *** [CMakeFiles/cmTryCompileExec3347867181.dir/src.cxx.o] Error 1
make[1]: Leaving directory `/home/tc/Downloads/eigen-eigen-1306d75b4a21/build_dir/CMakeFiles/CMakeTmp'
make: *** [cmTryCompileExec3347867181/fast] Error 2

Source file was:
int main() { return 0;}
Performing C++ SOURCE FILE Test COMPILER_SUPPORT_wd2304 failed with the following output:
Change Dir: /home/tc/Downloads/eigen-eigen-1306d75b4a21/build_dir/CMakeFiles/CMakeTmp

Run Build Command:/usr/local/bin/make "cmTryCompileExec1815362941/fast"
/usr/local/bin/make -f CMakeFiles/cmTryCompileExec1815362941.dir/build.make CMakeFiles/cmTryCompileExec1815362941.dir/build
make[1]: Entering directory `/home/tc/Downloads/eigen-eigen-1306d75b4a21/build_dir/CMakeFiles/CMakeTmp'
/tmp/tcloop/cmake/usr/local/bin/cmake -E cmake_progress_report /home/tc/Downloads/eigen-eigen-1306d75b4a21/build_dir/CMakeFiles/CMakeTmp/CMakeFiles 1
Building CXX object CMakeFiles/cmTryCompileExec1815362941.dir/src.cxx.o
/usr/local/bin/c++    -fexceptions -pedantic -Wall -Wextra -Wundef -Wcast-align -Wchar-subscripts -Wnon-virtual-dtor -Wunused-local-typedefs -Wpointer-arith -Wwrite-strings -Wformat-security -Wno-psabi -Wno-variadic-macros -Wno-long-long -fno-check-new -fno-common -fstrict-aliasing -DCOMPILER_SUPPORT_wd2304 -Werror   -wd2304 -o CMakeFiles/cmTryCompileExec1815362941.dir/src.cxx.o -c /home/tc/Downloads/eigen-eigen-1306d75b4a21/build_dir/CMakeFiles/CMakeTmp/src.cxx
c++: error: unrecognized command line option '-wd2304'
make[1]: *** [CMakeFiles/cmTryCompileExec1815362941.dir/src.cxx.o] Error 1
make[1]: Leaving directory `/home/tc/Downloads/eigen-eigen-1306d75b4a21/build_dir/CMakeFiles/CMakeTmp'
make: *** [cmTryCompileExec1815362941/fast] Error 2

Source file was:
int main() { return 0;}
Performing C++ SOURCE FILE Test COMPILER_SUPPORT_STRICTANSI failed with the following output:
Change Dir: /home/tc/Downloads/eigen-eigen-1306d75b4a21/build_dir/CMakeFiles/CMakeTmp

Run Build Command:/usr/local/bin/make "cmTryCompileExec4199861136/fast"
/usr/local/bin/make -f CMakeFiles/cmTryCompileExec4199861136.dir/build.make CMakeFiles/cmTryCompileExec4199861136.dir/build
make[1]: Entering directory `/home/tc/Downloads/eigen-eigen-1306d75b4a21/build_dir/CMakeFiles/CMakeTmp'
/tmp/tcloop/cmake/usr/local/bin/cmake -E cmake_progress_report /home/tc/Downloads/eigen-eigen-1306d75b4a21/build_dir/CMakeFiles/CMakeTmp/CMakeFiles 1
Building CXX object CMakeFiles/cmTryCompileExec4199861136.dir/src.cxx.o
/usr/local/bin/c++    -fexceptions -pedantic -Wall -Wextra -Wundef -Wcast-align -Wchar-subscripts -Wnon-virtual-dtor -Wunused-local-typedefs -Wpointer-arith -Wwrite-strings -Wformat-security -Wno-psabi -Wno-variadic-macros -Wno-long-long -fno-check-new -fno-common -fstrict-aliasing -DCOMPILER_SUPPORT_STRICTANSI -Werror   -strict-ansi -o CMakeFiles/cmTryCompileExec4199861136.dir/src.cxx.o -c /home/tc/Downloads/eigen-eigen-1306d75b4a21/build_dir/CMakeFiles/CMakeTmp/src.cxx
c++: error: unrecognized command line option '-strict-ansi'
make[1]: Leaving directory `/home/tc/Downloads/eigen-eigen-1306d75b4a21/build_dir/CMakeFiles/CMakeTmp'
make[1]: *** [CMakeFiles/cmTryCompileExec4199861136.dir/src.cxx.o] Error 1
make: *** [cmTryCompileExec4199861136/fast] Error 2

Source file was:
int main() { return 0;}
Performing C++ SOURCE FILE Test COMPILER_SUPPORT_Qunusedarguments failed with the following output:
Change Dir: /home/tc/Downloads/eigen-eigen-1306d75b4a21/build_dir/CMakeFiles/CMakeTmp

Run Build Command:/usr/local/bin/make "cmTryCompileExec1823911145/fast"
/usr/local/bin/make -f CMakeFiles/cmTryCompileExec1823911145.dir/build.make CMakeFiles/cmTryCompileExec1823911145.dir/build
make[1]: Entering directory `/home/tc/Downloads/eigen-eigen-1306d75b4a21/build_dir/CMakeFiles/CMakeTmp'
/tmp/tcloop/cmake/usr/local/bin/cmake -E cmake_progress_report /home/tc/Downloads/eigen-eigen-1306d75b4a21/build_dir/CMakeFiles/CMakeTmp/CMakeFiles 1
Building CXX object CMakeFiles/cmTryCompileExec1823911145.dir/src.cxx.o
/usr/local/bin/c++    -fexceptions -pedantic -Wall -Wextra -Wundef -Wcast-align -Wchar-subscripts -Wnon-virtual-dtor -Wunused-local-typedefs -Wpointer-arith -Wwrite-strings -Wformat-security -Wno-psabi -Wno-variadic-macros -Wno-long-long -fno-check-new -fno-common -fstrict-aliasing -DCOMPILER_SUPPORT_Qunusedarguments -Werror   -Qunused-arguments -o CMakeFiles/cmTryCompileExec1823911145.dir/src.cxx.o -c /home/tc/Downloads/eigen-eigen-1306d75b4a21/build_dir/CMakeFiles/CMakeTmp/src.cxx
c++: error: unrecognized command line option '-Qunused-arguments'
make[1]: *** [CMakeFiles/cmTryCompileExec1823911145.dir/src.cxx.o] Error 1
make[1]: Leaving directory `/home/tc/Downloads/eigen-eigen-1306d75b4a21/build_dir/CMakeFiles/CMakeTmp'
make: *** [cmTryCompileExec1823911145/fast] Error 2

Source file was:
int main() { return 0;}
Compiling the Fortran compiler identification source file "CMakeFortranCompilerId.F" failed.
Compiler: CMAKE_Fortran_COMPILER-NOTFOUND 
Build flags: 
Id flags: 

The output was:
No such file or directory


Compiling the Fortran compiler identification source file "CMakeFortranCompilerId.F" failed.
Compiler: CMAKE_Fortran_COMPILER-NOTFOUND 
Build flags: 
Id flags: -c

The output was:
No such file or directory


Compiling the Fortran compiler identification source file "CMakeFortranCompilerId.F" failed.
Compiler: CMAKE_Fortran_COMPILER-NOTFOUND 
Build flags: 
Id flags: -fpp

The output was:
No such file or directory


Checking whether the Fortran compiler is Compaq using "-what" did not match "Compaq Visual Fortran":
Checking whether the Fortran compiler is NAG using "-V" did not match "NAG Fortran Compiler":
